This is pdfTeX, Version 3.14159265-2.6-1.40.15 (TeX Live 2014) (preloaded format=latex 2014.5.25)  16 MAR 2015 13:54
entering extended mode
 restricted \write18 enabled.
 %&-line parsing enabled.
**foo
(./foo.tex
LaTeX2e <2014/05/01>
Babel <3.9k> and hyphenation patterns for 78 languages loaded.
(/usr/local/texlive/2014/texmf-dist/tex/latex/base/article.cls
Document Class: article 2007/10/19 v1.4h Standard LaTeX document class
(/usr/local/texlive/2014/texmf-dist/tex/latex/base/size10.clo
File: size10.clo 2007/10/19 v1.4h Standard LaTeX file (size option)
)
\c@part=\count79
\c@section=\count80
\c@subsection=\count81
\c@subsubsection=\count82
\c@paragraph=\count83
\c@subparagraph=\count84
\c@figure=\count85
\c@table=\count86
\abovecaptionskip=\skip41
\belowcaptionskip=\skip42
\bibindent=\dimen102
) (./foo.aux)
\openout1 = `foo.aux'.

LaTeX Font Info:    Checking defaults for OML/cmm/m/it on input line 2.
LaTeX Font Info:    ... okay on input line 2.
LaTeX Font Info:    Checking defaults for T1/cmr/m/n on input line 2.
LaTeX Font Info:    ... okay on input line 2.
LaTeX Font Info:    Checking defaults for OT1/cmr/m/n on input line 2.
LaTeX Font Info:    ... okay on input line 2.
LaTeX Font Info:    Checking defaults for OMS/cmsy/m/n on input line 2.
LaTeX Font Info:    ... okay on input line 2.
LaTeX Font Info:    Checking defaults for OMX/cmex/m/n on input line 2.
LaTeX Font Info:    ... okay on input line 2.
LaTeX Font Info:    Checking defaults for U/cmr/m/n on input line 2.
LaTeX Font Info:    ... okay on input line 2.

(./foo.bbl
LaTeX Font Info:    External font `cmex10' loaded for size
(Font)              <7> on input line 6.
LaTeX Font Info:    External font `cmex10' loaded for size
(Font)              <5> on input line 6.
Missing character: There is no ä in font cmr10!
Missing character: There is no ß in font cmr10!
Missing character: There is no ö in font cmr10!
 [1

]
Missing character: There is no ú in font cmr10!
Missing character: There is no ñ in font cmr10!
Missing character: There is no ú in font cmr10!
Missing character: There is no ñ in font cmr10!
Missing character: There is no é in font cmr10!
 [2]
Underfull \hbox (badness 1062) in paragraph at lines 177--180
[]\OT1/cmr/m/n/10 Jozef Dudek, Rolf Ent, Rou-ven Es-sig, K.S. Ku-mar, Cur-tis M
eyer,
 []

[3]
Underfull \hbox (badness 1292) in paragraph at lines 283--287
[]\OT1/cmr/m/n/10 Robert G. Ed-wards, Balint Joo, and Huey-Wen Lin.  Tun-ing fo
r
 []

[4] [5] [6]) [7] (./foo.aux) ) 
Here is how much of TeX's memory you used:
 302 strings out of 493118
 3639 string characters out of 6135459
 57906 words of memory out of 5000000
 3846 multiletter control sequences out of 15000+600000
 4591 words of font info for 17 fonts, out of 8000000 for 9000
 1141 hyphenation exceptions out of 8191
 23i,4n,17p,123b,203s stack positions out of 5000i,500n,10000p,200000b,80000s

Output written on foo.dvi (7 pages, 20980 bytes).
