This is pdfTeX, Version 3.14159265-2.6-1.40.15 (TeX Live 2014) (preloaded format=pdflatex 2014.5.25)  8 APR 2015 12:59
entering extended mode
 restricted \write18 enabled.
 file:line:error style messages enabled.
 %&-line parsing enabled.
**dissertation.tex
(./dissertation.tex
LaTeX2e <2014/05/01>
Babel <3.9k> and hyphenation patterns for 78 languages loaded.
(/usr/local/texlive/2014/texmf-dist/tex/latex/base/report.cls
Document Class: report 2007/10/19 v1.4h Standard LaTeX document class
(/usr/local/texlive/2014/texmf-dist/tex/latex/base/size12.clo
File: size12.clo 2007/10/19 v1.4h Standard LaTeX file (size option)
)
\c@part=\count79
\c@chapter=\count80
\c@section=\count81
\c@subsection=\count82
\c@subsubsection=\count83
\c@paragraph=\count84
\c@subparagraph=\count85
\c@figure=\count86
\c@table=\count87
\abovecaptionskip=\skip41
\belowcaptionskip=\skip42
\bibindent=\dimen102
)
(./ODUthesis.sty)
(/usr/local/texlive/2014/texmf-dist/tex/latex/tools/indentfirst.sty
Package: indentfirst 1995/11/23 v1.03 Indent first paragraph (DPC)
)
(/usr/local/texlive/2014/texmf-dist/tex/latex/graphics/graphicx.sty
Package: graphicx 2014/04/25 v1.0g Enhanced LaTeX Graphics (DPC,SPQR)

(/usr/local/texlive/2014/texmf-dist/tex/latex/graphics/keyval.sty
Package: keyval 2014/05/08 v1.15 key=value parser (DPC)
\KV@toks@=\toks14
)
(/usr/local/texlive/2014/texmf-dist/tex/latex/graphics/graphics.sty
Package: graphics 2009/02/05 v1.0o Standard LaTeX Graphics (DPC,SPQR)

(/usr/local/texlive/2014/texmf-dist/tex/latex/graphics/trig.sty
Package: trig 1999/03/16 v1.09 sin cos tan (DPC)
)
(/usr/local/texlive/2014/texmf-dist/tex/latex/latexconfig/graphics.cfg
File: graphics.cfg 2010/04/23 v1.9 graphics configuration of TeX Live
)
Package graphics Info: Driver file: pdftex.def on input line 91.

(/usr/local/texlive/2014/texmf-dist/tex/latex/pdftex-def/pdftex.def
File: pdftex.def 2011/05/27 v0.06d Graphics/color for pdfTeX

(/usr/local/texlive/2014/texmf-dist/tex/generic/oberdiek/infwarerr.sty
Package: infwarerr 2010/04/08 v1.3 Providing info/warning/error messages (HO)
)
(/usr/local/texlive/2014/texmf-dist/tex/generic/oberdiek/ltxcmds.sty
Package: ltxcmds 2011/11/09 v1.22 LaTeX kernel commands for general use (HO)
)
\Gread@gobject=\count88
))
\Gin@req@height=\dimen103
\Gin@req@width=\dimen104
)
(/usr/local/texlive/2014/texmf-dist/tex/latex/amsmath/amsmath.sty
Package: amsmath 2013/01/14 v2.14 AMS math features
\@mathmargin=\skip43

For additional information on amsmath, use the `?' option.
(/usr/local/texlive/2014/texmf-dist/tex/latex/amsmath/amstext.sty
Package: amstext 2000/06/29 v2.01

(/usr/local/texlive/2014/texmf-dist/tex/latex/amsmath/amsgen.sty
File: amsgen.sty 1999/11/30 v2.0
\@emptytoks=\toks15
\ex@=\dimen105
))
(/usr/local/texlive/2014/texmf-dist/tex/latex/amsmath/amsbsy.sty
Package: amsbsy 1999/11/29 v1.2d
\pmbraise@=\dimen106
)
(/usr/local/texlive/2014/texmf-dist/tex/latex/amsmath/amsopn.sty
Package: amsopn 1999/12/14 v2.01 operator names
)
\inf@bad=\count89
LaTeX Info: Redefining \frac on input line 210.
\uproot@=\count90
\leftroot@=\count91
LaTeX Info: Redefining \overline on input line 306.
\classnum@=\count92
\DOTSCASE@=\count93
LaTeX Info: Redefining \ldots on input line 378.
LaTeX Info: Redefining \dots on input line 381.
LaTeX Info: Redefining \cdots on input line 466.
\Mathstrutbox@=\box26
\strutbox@=\box27
\big@size=\dimen107
LaTeX Font Info:    Redeclaring font encoding OML on input line 566.
LaTeX Font Info:    Redeclaring font encoding OMS on input line 567.
\macc@depth=\count94
\c@MaxMatrixCols=\count95
\dotsspace@=\muskip10
\c@parentequation=\count96
\dspbrk@lvl=\count97
\tag@help=\toks16
\row@=\count98
\column@=\count99
\maxfields@=\count100
\andhelp@=\toks17
\eqnshift@=\dimen108
\alignsep@=\dimen109
\tagshift@=\dimen110
\tagwidth@=\dimen111
\totwidth@=\dimen112
\lineht@=\dimen113
\@envbody=\toks18
\multlinegap=\skip44
\multlinetaggap=\skip45
\mathdisplay@stack=\toks19
LaTeX Info: Redefining \[ on input line 2665.
LaTeX Info: Redefining \] on input line 2666.
)
(/usr/local/texlive/2014/texmf-dist/tex/latex/amsfonts/amssymb.sty
Package: amssymb 2013/01/14 v3.01 AMS font symbols

(/usr/local/texlive/2014/texmf-dist/tex/latex/amsfonts/amsfonts.sty
Package: amsfonts 2013/01/14 v3.01 Basic AMSFonts support
\symAMSa=\mathgroup4
\symAMSb=\mathgroup5
LaTeX Font Info:    Overwriting math alphabet `\mathfrak' in version `bold'
(Font)                  U/euf/m/n --> U/euf/b/n on input line 106.
))
(/usr/local/texlive/2014/texmf-dist/tex/latex/bbold/bbold.sty
Package: bbold 1994/04/06 Bbold symbol package
LaTeX Font Info:    Redeclaring math alphabet \mathbb on input line 42.
)
(/usr/local/texlive/2014/texmf-dist/tex/latex/carlisle/slashed.sty
Package: slashed 1997/01/16 v0.01 Feynman Slashed Character Notation (DPC)
)
(/usr/local/texlive/2014/texmf-dist/tex/latex/xcolor/xcolor.sty
Package: xcolor 2007/01/21 v2.11 LaTeX color extensions (UK)

(/usr/local/texlive/2014/texmf-dist/tex/latex/latexconfig/color.cfg
File: color.cfg 2007/01/18 v1.5 color configuration of teTeX/TeXLive
)
Package xcolor Info: Package option `usenames' ignored on input line 216.
Package xcolor Info: Driver file: pdftex.def on input line 225.

(/usr/local/texlive/2014/texmf-dist/tex/latex/colortbl/colortbl.sty
Package: colortbl 2012/02/13 v1.0a Color table columns (DPC)

(/usr/local/texlive/2014/texmf-dist/tex/latex/tools/array.sty
Package: array 2008/09/09 v2.4c Tabular extension package (FMi)
\col@sep=\dimen114
\extrarowheight=\dimen115
\NC@list=\toks20
\extratabsurround=\skip46
\backup@length=\skip47
)
\everycr=\toks21
\minrowclearance=\skip48
)
\rownum=\count101
Package xcolor Info: Model `cmy' substituted by `cmy0' on input line 1337.
Package xcolor Info: Model `hsb' substituted by `rgb' on input line 1341.
Package xcolor Info: Model `RGB' extended on input line 1353.
Package xcolor Info: Model `HTML' substituted by `rgb' on input line 1355.
Package xcolor Info: Model `Hsb' substituted by `hsb' on input line 1356.
Package xcolor Info: Model `tHsb' substituted by `hsb' on input line 1357.
Package xcolor Info: Model `HSB' substituted by `hsb' on input line 1358.
Package xcolor Info: Model `Gray' substituted by `gray' on input line 1359.
Package xcolor Info: Model `wave' substituted by `hsb' on input line 1360.

(/usr/local/texlive/2014/texmf-dist/tex/latex/graphics/dvipsnam.def
File: dvipsnam.def 2014/04/23 v3.0j Driver-dependant file (DPC,SPQR)
)
(/usr/local/texlive/2014/texmf-dist/tex/latex/xcolor/svgnam.def
File: svgnam.def 2007/01/21 v2.11 Predefined colors according to SVG 1.1 (UK)
))
(/usr/local/texlive/2014/texmf-dist/tex/latex/tools/tabularx.sty
Package: tabularx 2014/05/13 v2.10 `tabularx' package (DPC)
\TX@col@width=\dimen116
\TX@old@table=\dimen117
\TX@old@col=\dimen118
\TX@target=\dimen119
\TX@delta=\dimen120
\TX@cols=\count102
\TX@ftn=\toks22
)
(/usr/local/texlive/2014/texmf-dist/tex/latex/base/textcomp.sty
Package: textcomp 2005/09/27 v1.99g Standard LaTeX package
Package textcomp Info: Sub-encoding information:
(textcomp)               5 = only ISO-Adobe without \textcurrency
(textcomp)               4 = 5 + \texteuro
(textcomp)               3 = 4 + \textohm
(textcomp)               2 = 3 + \textestimated + \textcurrency
(textcomp)               1 = TS1 - \textcircled - \t
(textcomp)               0 = TS1 (full)
(textcomp)             Font families with sub-encoding setting implement
(textcomp)             only a restricted character set as indicated.
(textcomp)             Family '?' is the default used for unknown fonts.
(textcomp)             See the documentation for details.
Package textcomp Info: Setting ? sub-encoding to TS1/1 on input line 71.

(/usr/local/texlive/2014/texmf-dist/tex/latex/base/ts1enc.def
File: ts1enc.def 2001/06/05 v3.0e (jk/car/fm) Standard LaTeX file
)
LaTeX Info: Redefining \oldstylenums on input line 266.
Package textcomp Info: Setting cmr sub-encoding to TS1/0 on input line 281.
Package textcomp Info: Setting cmss sub-encoding to TS1/0 on input line 282.
Package textcomp Info: Setting cmtt sub-encoding to TS1/0 on input line 283.
Package textcomp Info: Setting cmvtt sub-encoding to TS1/0 on input line 284.
Package textcomp Info: Setting cmbr sub-encoding to TS1/0 on input line 285.
Package textcomp Info: Setting cmtl sub-encoding to TS1/0 on input line 286.
Package textcomp Info: Setting ccr sub-encoding to TS1/0 on input line 287.
Package textcomp Info: Setting ptm sub-encoding to TS1/4 on input line 288.
Package textcomp Info: Setting pcr sub-encoding to TS1/4 on input line 289.
Package textcomp Info: Setting phv sub-encoding to TS1/4 on input line 290.
Package textcomp Info: Setting ppl sub-encoding to TS1/3 on input line 291.
Package textcomp Info: Setting pag sub-encoding to TS1/4 on input line 292.
Package textcomp Info: Setting pbk sub-encoding to TS1/4 on input line 293.
Package textcomp Info: Setting pnc sub-encoding to TS1/4 on input line 294.
Package textcomp Info: Setting pzc sub-encoding to TS1/4 on input line 295.
Package textcomp Info: Setting bch sub-encoding to TS1/4 on input line 296.
Package textcomp Info: Setting put sub-encoding to TS1/5 on input line 297.
Package textcomp Info: Setting uag sub-encoding to TS1/5 on input line 298.
Package textcomp Info: Setting ugq sub-encoding to TS1/5 on input line 299.
Package textcomp Info: Setting ul8 sub-encoding to TS1/4 on input line 300.
Package textcomp Info: Setting ul9 sub-encoding to TS1/4 on input line 301.
Package textcomp Info: Setting augie sub-encoding to TS1/5 on input line 302.
Package textcomp Info: Setting dayrom sub-encoding to TS1/3 on input line 303.
Package textcomp Info: Setting dayroms sub-encoding to TS1/3 on input line 304.

Package textcomp Info: Setting pxr sub-encoding to TS1/0 on input line 305.
Package textcomp Info: Setting pxss sub-encoding to TS1/0 on input line 306.
Package textcomp Info: Setting pxtt sub-encoding to TS1/0 on input line 307.
Package textcomp Info: Setting txr sub-encoding to TS1/0 on input line 308.
Package textcomp Info: Setting txss sub-encoding to TS1/0 on input line 309.
Package textcomp Info: Setting txtt sub-encoding to TS1/0 on input line 310.
Package textcomp Info: Setting lmr sub-encoding to TS1/0 on input line 311.
Package textcomp Info: Setting lmdh sub-encoding to TS1/0 on input line 312.
Package textcomp Info: Setting lmss sub-encoding to TS1/0 on input line 313.
Package textcomp Info: Setting lmssq sub-encoding to TS1/0 on input line 314.
Package textcomp Info: Setting lmvtt sub-encoding to TS1/0 on input line 315.
Package textcomp Info: Setting qhv sub-encoding to TS1/0 on input line 316.
Package textcomp Info: Setting qag sub-encoding to TS1/0 on input line 317.
Package textcomp Info: Setting qbk sub-encoding to TS1/0 on input line 318.
Package textcomp Info: Setting qcr sub-encoding to TS1/0 on input line 319.
Package textcomp Info: Setting qcs sub-encoding to TS1/0 on input line 320.
Package textcomp Info: Setting qpl sub-encoding to TS1/0 on input line 321.
Package textcomp Info: Setting qtm sub-encoding to TS1/0 on input line 322.
Package textcomp Info: Setting qzc sub-encoding to TS1/0 on input line 323.
Package textcomp Info: Setting qhvc sub-encoding to TS1/0 on input line 324.
Package textcomp Info: Setting futs sub-encoding to TS1/4 on input line 325.
Package textcomp Info: Setting futx sub-encoding to TS1/4 on input line 326.
Package textcomp Info: Setting futj sub-encoding to TS1/4 on input line 327.
Package textcomp Info: Setting hlh sub-encoding to TS1/3 on input line 328.
Package textcomp Info: Setting hls sub-encoding to TS1/3 on input line 329.
Package textcomp Info: Setting hlst sub-encoding to TS1/3 on input line 330.
Package textcomp Info: Setting hlct sub-encoding to TS1/5 on input line 331.
Package textcomp Info: Setting hlx sub-encoding to TS1/5 on input line 332.
Package textcomp Info: Setting hlce sub-encoding to TS1/5 on input line 333.
Package textcomp Info: Setting hlcn sub-encoding to TS1/5 on input line 334.
Package textcomp Info: Setting hlcw sub-encoding to TS1/5 on input line 335.
Package textcomp Info: Setting hlcf sub-encoding to TS1/5 on input line 336.
Package textcomp Info: Setting pplx sub-encoding to TS1/3 on input line 337.
Package textcomp Info: Setting pplj sub-encoding to TS1/3 on input line 338.
Package textcomp Info: Setting ptmx sub-encoding to TS1/4 on input line 339.
Package textcomp Info: Setting ptmj sub-encoding to TS1/4 on input line 340.
)
(/usr/local/texlive/2014/texmf-dist/tex/latex/tools/afterpage.sty
Package: afterpage 1995/10/27 v1.08 After-Page Package (DPC)
\AP@output=\toks23
\AP@partial=\box28
\AP@footins=\box29
)
(/usr/local/texlive/2014/texmf-dist/tex/latex/rotating/rotating.sty
Package: rotating 2009/03/28 v2.16a rotated objects in LaTeX

(/usr/local/texlive/2014/texmf-dist/tex/latex/base/ifthen.sty
Package: ifthen 2001/05/26 v1.1c Standard LaTeX ifthen package (DPC)
)
\c@r@tfl@t=\count103
\rotFPtop=\skip49
\rotFPbot=\skip50
\rot@float@box=\box30
\rot@mess@toks=\toks24
)
(/usr/local/texlive/2014/texmf-dist/tex/latex/caption/caption.sty
Package: caption 2013/05/02 v3.3-89 Customizing captions (AR)

(/usr/local/texlive/2014/texmf-dist/tex/latex/caption/caption3.sty
Package: caption3 2013/05/02 v1.6-88 caption3 kernel (AR)
Package caption3 Info: TeX engine: e-TeX on input line 57.
\captionmargin=\dimen121
\captionmargin@=\dimen122
\captionwidth=\dimen123
\caption@tempdima=\dimen124
\caption@indent=\dimen125
\caption@parindent=\dimen126
\caption@hangindent=\dimen127
)
\c@ContinuedFloat=\count104
Package caption Info: rotating package is loaded.
)
(/usr/local/texlive/2014/texmf-dist/tex/latex/natbib/natbib.sty
Package: natbib 2010/09/13 8.31b (PWD, AO)
\bibhang=\skip51
\bibsep=\skip52
LaTeX Info: Redefining \cite on input line 694.
\c@NAT@ctr=\count105
)
(./dissertation.aux

LaTeX Warning: Label `QCD::path_integral' multiply defined.


LaTeX Warning: Label `sec::OptOps' multiply defined.

)
\openout1 = `dissertation.aux'.

LaTeX Font Info:    Checking defaults for OML/cmm/m/it on input line 122.
LaTeX Font Info:    ... okay on input line 122.
LaTeX Font Info:    Checking defaults for T1/cmr/m/n on input line 122.
LaTeX Font Info:    ... okay on input line 122.
LaTeX Font Info:    Checking defaults for OT1/cmr/m/n on input line 122.
LaTeX Font Info:    ... okay on input line 122.
LaTeX Font Info:    Checking defaults for OMS/cmsy/m/n on input line 122.
LaTeX Font Info:    ... okay on input line 122.
LaTeX Font Info:    Checking defaults for OMX/cmex/m/n on input line 122.
LaTeX Font Info:    ... okay on input line 122.
LaTeX Font Info:    Checking defaults for U/cmr/m/n on input line 122.
LaTeX Font Info:    ... okay on input line 122.
LaTeX Font Info:    Checking defaults for TS1/cmr/m/n on input line 122.
LaTeX Font Info:    Try loading font information for TS1+cmr on input line 122.

 (/usr/local/texlive/2014/texmf-dist/tex/latex/base/ts1cmr.fd
File: ts1cmr.fd 1999/05/25 v2.5h Standard LaTeX font definitions
)
LaTeX Font Info:    ... okay on input line 122.

(/usr/local/texlive/2014/texmf-dist/tex/context/base/supp-pdf.mkii
[Loading MPS to PDF converter (version 2006.09.02).]
\scratchcounter=\count106
\scratchdimen=\dimen128
\scratchbox=\box31
\nofMPsegments=\count107
\nofMParguments=\count108
\everyMPshowfont=\toks25
\MPscratchCnt=\count109
\MPscratchDim=\dimen129
\MPnumerator=\count110
\makeMPintoPDFobject=\count111
\everyMPtoPDFconversion=\toks26
) (/usr/local/texlive/2014/texmf-dist/tex/generic/oberdiek/pdftexcmds.sty
Package: pdftexcmds 2011/11/29 v0.20 Utility functions of pdfTeX for LuaTeX (HO
)

(/usr/local/texlive/2014/texmf-dist/tex/generic/oberdiek/ifluatex.sty
Package: ifluatex 2010/03/01 v1.3 Provides the ifluatex switch (HO)
Package ifluatex Info: LuaTeX not detected.
)
(/usr/local/texlive/2014/texmf-dist/tex/generic/oberdiek/ifpdf.sty
Package: ifpdf 2011/01/30 v2.3 Provides the ifpdf switch (HO)
Package ifpdf Info: pdfTeX in PDF mode is detected.
)
Package pdftexcmds Info: LuaTeX not detected.
Package pdftexcmds Info: \pdf@primitive is available.
Package pdftexcmds Info: \pdf@ifprimitive is available.
Package pdftexcmds Info: \pdfdraftmode found.
)
(/usr/local/texlive/2014/texmf-dist/tex/latex/oberdiek/epstopdf-base.sty
Package: epstopdf-base 2010/02/09 v2.5 Base part for package epstopdf

(/usr/local/texlive/2014/texmf-dist/tex/latex/oberdiek/grfext.sty
Package: grfext 2010/08/19 v1.1 Manage graphics extensions (HO)

(/usr/local/texlive/2014/texmf-dist/tex/generic/oberdiek/kvdefinekeys.sty
Package: kvdefinekeys 2011/04/07 v1.3 Define keys (HO)
))
(/usr/local/texlive/2014/texmf-dist/tex/latex/oberdiek/kvoptions.sty
Package: kvoptions 2011/06/30 v3.11 Key value format for package options (HO)

(/usr/local/texlive/2014/texmf-dist/tex/generic/oberdiek/kvsetkeys.sty
Package: kvsetkeys 2012/04/25 v1.16 Key value parser (HO)

(/usr/local/texlive/2014/texmf-dist/tex/generic/oberdiek/etexcmds.sty
Package: etexcmds 2011/02/16 v1.5 Avoid name clashes with e-TeX commands (HO)
Package etexcmds Info: Could not find \expanded.
(etexcmds)             That can mean that you are not using pdfTeX 1.50 or
(etexcmds)             that some package has redefined \expanded.
(etexcmds)             In the latter case, load this package earlier.
)))
Package grfext Info: Graphics extension search list:
(grfext)             [.png,.pdf,.jpg,.mps,.jpeg,.jbig2,.jb2,.PNG,.PDF,.JPG,.JPE
G,.JBIG2,.JB2,.eps]
(grfext)             \AppendGraphicsExtensions on input line 452.

(/usr/local/texlive/2014/texmf-dist/tex/latex/latexconfig/epstopdf-sys.cfg
File: epstopdf-sys.cfg 2010/07/13 v1.3 Configuration of (r)epstopdf for TeX Liv
e
))
Package caption Info: Begin \AtBeginDocument code.
Package caption Info: Incompatible package detected (regarding \@caption).
(caption)             \@caption = \long macro:#1[#2]#3->\par \addcontentsline {
\csname ext@#1\endcsname }{#1}{\protect \numberline {\csname the#1\endcsname .}
{\ignorespaces #2}}\begingroup \@parboxrestore \if@minipage \@setminipage \fi \
normalsize \@makecaption {\csname fnum@#1\endcsname }{\ignorespaces #3}\par \en
dgroup .


Package caption Warning: \caption will not be redefined since it's already
(caption)                redefined by a document class or package which is
(caption)                unknown to the caption package.
See the caption package documentation for explanation.

Package caption Info: End \AtBeginDocument code.

Underfull \hbox (badness 10000) in paragraph at lines 180--180

 []


Underfull \hbox (badness 10000) in paragraph at lines 180--180

 []


Underfull \hbox (badness 10000) in paragraph at lines 180--180

 []


Underfull \hbox (badness 10000) in paragraph at lines 180--180

 []


Underfull \hbox (badness 10000) in paragraph at lines 180--180

 []


Underfull \hbox (badness 10000) in paragraph at lines 180--180

 []

[1

{/usr/local/texlive/2014/texmf-var/fonts/map/pdftex/updmap/pdftex.map}]
[2

] [3

] [4


] (./dissertation.toc
LaTeX Font Info:    Try loading font information for U+msa on input line 9.

(/usr/local/texlive/2014/texmf-dist/tex/latex/amsfonts/umsa.fd
File: umsa.fd 2013/01/14 v3.01 AMS symbols A
)
LaTeX Font Info:    Try loading font information for U+msb on input line 9.

(/usr/local/texlive/2014/texmf-dist/tex/latex/amsfonts/umsb.fd
File: umsb.fd 2013/01/14 v3.01 AMS symbols B
) [5


] [6])
\tf@toc=\write3
\openout3 = `dissertation.toc'.


[7] (./dissertation.lot
LaTeX Font Info:    Try loading font information for U+bbold on input line 6.

(/usr/local/texlive/2014/texmf-dist/tex/latex/bbold/Ubbold.fd))
\tf@lot=\write4
\openout4 = `dissertation.lot'.

 [8


]
(./dissertation.lof
LaTeX Font Info:    Try loading font information for U+euf on input line 5.

(/usr/local/texlive/2014/texmf-dist/tex/latex/amsfonts/ueuf.fd
File: ueuf.fd 2013/01/14 v3.01 Euler Fraktur
) [9


] [10])
\tf@lof=\write5
\openout5 = `dissertation.lof'.


[11] (./Introduction.tex
Chapter 1
[1


] [2] [3] [4] [5] [6]) (./QM.tex [7]
Chapter 2
[8

] [9] [10] [11] [12] [13] [14]) (./RadiativeTransitionsQM.tex [15]
<figures/LatticeSpectrum743/SpinAndWaveIdentAll.pdf, id=107, 351.14488pt x 299.
02417pt>
File: figures/LatticeSpectrum743/SpinAndWaveIdentAll.pdf Graphic file (type pdf
)
 <use figures/LatticeSpectrum743/SpinAndWaveIdentAll.pdf>
Package pdftex.def Info: figures/LatticeSpectrum743/SpinAndWaveIdentAll.pdf use
d on input line 1.
(pdftex.def)             Requested size: 430.72968pt x 366.812pt.
 [16 <./figures/LatticeSpectrum743/SpinAndWaveIdentAll.pdf>]
Chapter 3
[17


] [18] [19] [20] [21] [22] [23]) (./lattice_gauge_thy.tex [24]
Chapter 4
[25

] [26] [27] [28]
<figures/lattice_toroid_fields/lattice_toroid_fields.pdf, id=170, 208.78pt x 14
5.54375pt>
File: figures/lattice_toroid_fields/lattice_toroid_fields.pdf Graphic file (typ
e pdf)
 <use figures/lattice_toroid_fields/lattice_toroid_fields.pdf>
Package pdftex.def Info: figures/lattice_toroid_fields/lattice_toroid_fields.pd
f used on input line 104.
(pdftex.def)             Requested size: 344.58505pt x 240.24783pt.

[29 <./figures/lattice_toroid_fields/lattice_toroid_fields.pdf>] [30

] [31])
(./Spectroscopy.tex [32]
<figures/2DLattice/2dLatticeWavefuncs.pdf, id=202, 532.91093pt x 240.10101pt>
File: figures/2DLattice/2dLatticeWavefuncs.pdf Graphic file (type pdf)

<use figures/2DLattice/2dLatticeWavefuncs.pdf>
Package pdftex.def Info: figures/2DLattice/2dLatticeWavefuncs.pdf used on input
 line 1.
(pdftex.def)             Requested size: 301.50945pt x 135.84416pt.
 [33

 <./figures/2DLattice/2dLatticeWavefuncs.pdf>]
Chapter 5
[34

] [35] [36] [37] [38] [39] [40] [41] [42] [43] [44] [45] [46] [47] [48]
[49] [50] [51]
<figures/PrinCorrT1mPA1mM/LevelDiagramWithT1mP_A1mM_PCorrs.pdf, id=301, 620.084
64pt x 454.34042pt>
File: figures/PrinCorrT1mPA1mM/LevelDiagramWithT1mP_A1mM_PCorrs.pdf Graphic fil
e (type pdf)

<use figures/PrinCorrT1mPA1mM/LevelDiagramWithT1mP_A1mM_PCorrs.pdf>
Package pdftex.def Info: figures/PrinCorrT1mPA1mM/LevelDiagramWithT1mP_A1mM_PCo
rrs.pdf used on input line 480.
(pdftex.def)             Requested size: 430.72968pt x 315.60275pt.
 [52 <./figures/PrinCorrT1mPA1mM/LevelDiagramWithT1mP_A1mM_PCorrs.pdf>]
<figures//EmergentRotationalSymmetryT1mP/MatrixPlotLabelsCrop.pdf, id=355, 464.
73625pt x 383.4325pt>
File: figures//EmergentRotationalSymmetryT1mP/MatrixPlotLabelsCrop.pdf Graphic 
file (type pdf)

<use figures//EmergentRotationalSymmetryT1mP/MatrixPlotLabelsCrop.pdf>
Package pdftex.def Info: figures//EmergentRotationalSymmetryT1mP/MatrixPlotLabe
lsCrop.pdf used on input line 480.
(pdftex.def)             Requested size: 344.58505pt x 284.30898pt.
 [53

 <./figures//EmergentRotationalSymmetryT1mP/MatrixPlotLabelsCrop.pdf>]
<figures/ContinuumExtrapolationMass/ContinuumExtrapolation.pdf, id=390, 250.217
82pt x 221.3891pt>
File: figures/ContinuumExtrapolationMass/ContinuumExtrapolation.pdf Graphic fil
e (type pdf)

<use figures/ContinuumExtrapolationMass/ContinuumExtrapolation.pdf>
Package pdftex.def Info: figures/ContinuumExtrapolationMass/ContinuumExtrapolat
ion.pdf used on input line 480.
(pdftex.def)             Requested size: 129.22021pt x 114.33588pt.
 [54

 <./figures/ContinuumExtrapolationMass/ContinuumExtrapolation.pdf>] [55

]
<figures/LatticeSpectrum743/BoxPlotUnlabeledmM.pdf, id=430, 361.35pt x 320.1962
4pt>
File: figures/LatticeSpectrum743/BoxPlotUnlabeledmM.pdf Graphic file (type pdf)

 <use figures/LatticeSpectrum743/BoxPlotUnlabeledmM.pdf>
Package pdftex.def Info: figures/LatticeSpectrum743/BoxPlotUnlabeledmM.pdf used
 on input line 500.
(pdftex.def)             Requested size: 344.58505pt x 305.34262pt.
 [56 <./figures/LatticeSpectrum743/BoxPlotUnlabeledmM.pdf>] [57

]
<figures/state_ident_T2mP/StateIdent_crop.pdf, id=453, 292.09125pt x 448.67625p
t>
File: figures/state_ident_T2mP/StateIdent_crop.pdf Graphic file (type pdf)
 <use figures/state_ident_T2mP/StateIdent_crop.pdf>
Package pdftex.def Info: figures/state_ident_T2mP/StateIdent_crop.pdf used on i
nput line 522.
(pdftex.def)             Requested size: 252.3791pt x 387.66031pt.
 [58 <./figures/state_ident_T2mP/StateIdent_crop.pdf>]) (./RadiativeTransitions
Lattice.tex [59

]
<figures/operator_overlap_degeneracy_J4mM/Degeneracy2.pdf, id=480, 220.49376pt 
x 166.94168pt>
File: figures/operator_overlap_degeneracy_J4mM/Degeneracy2.pdf Graphic file (ty
pe pdf)
 <use figures/operator_overlap_degeneracy_J4mM/Degeneracy2.pdf>
Package pdftex.def Info: figures/operator_overlap_degeneracy_J4mM/Degeneracy2.p
df used on input line 1.
(pdftex.def)             Requested size: 344.58505pt x 260.92215pt.

[60

 <./figures/operator_overlap_degeneracy_J4mM/Degeneracy2.pdf>]
<figures/LatticeSpectrum743/BoxPlotLabeledmM_crop.pdf, id=526, 304.13625pt x 25
6.96pt>
File: figures/LatticeSpectrum743/BoxPlotLabeledmM_crop.pdf Graphic file (type p
df)
 <use figures/LatticeSpectrum743/BoxPlotLabeledmM_crop.pdf>
Package pdftex.def Info: figures/LatticeSpectrum743/BoxPlotLabeledmM_crop.pdf u
sed on input line 1.
(pdftex.def)             Requested size: 430.72968pt x 363.92905pt.
 [61

 <./figures/LatticeSpectrum743/BoxPlotLabeledmM_crop.pdf>]
<figures/LatticeSpectrum743/BoxPlotLabeledmP_crop.pdf, id=547, 303.1325pt x 255
.95625pt>
File: figures/LatticeSpectrum743/BoxPlotLabeledmP_crop.pdf Graphic file (type p
df)
 <use figures/LatticeSpectrum743/BoxPlotLabeledmP_crop.pdf>
Package pdftex.def Info: figures/LatticeSpectrum743/BoxPlotLabeledmP_crop.pdf u
sed on input line 1.
(pdftex.def)             Requested size: 430.72968pt x 363.70255pt.
 [62

 <./figures/LatticeSpectrum743/BoxPlotLabeledmP_crop.pdf>]
<figures/LatticeSpectrum743/BoxPlotLabeledpM_crop.pdf, id=569, 305.14pt x 257.9
6375pt>
File: figures/LatticeSpectrum743/BoxPlotLabeledpM_crop.pdf Graphic file (type p
df)
 <use figures/LatticeSpectrum743/BoxPlotLabeledpM_crop.pdf>
Package pdftex.def Info: figures/LatticeSpectrum743/BoxPlotLabeledpM_crop.pdf u
sed on input line 1.
(pdftex.def)             Requested size: 430.72968pt x 364.15009pt.
 [63

 <./figures/LatticeSpectrum743/BoxPlotLabeledpM_crop.pdf>]
<figures/LatticeSpectrum743/BoxPlotLabeledpP_crop.pdf, id=590, 305.14pt x 255.9
5625pt>
File: figures/LatticeSpectrum743/BoxPlotLabeledpP_crop.pdf Graphic file (type p
df)
 <use figures/LatticeSpectrum743/BoxPlotLabeledpP_crop.pdf>
Package pdftex.def Info: figures/LatticeSpectrum743/BoxPlotLabeledpP_crop.pdf u
sed on input line 1.
(pdftex.def)             Requested size: 430.72968pt x 361.31624pt.
 [64

 <./figures/LatticeSpectrum743/BoxPlotLabeledpP_crop.pdf>]
<figures/LatticeSpectrum743/SpinIdentAll.pdf, id=611, 351.14488pt x 299.02417pt
>
File: figures/LatticeSpectrum743/SpinIdentAll.pdf Graphic file (type pdf)
 <use figures/LatticeSpectrum743/SpinIdentAll.pdf>
Package pdftex.def Info: figures/LatticeSpectrum743/SpinIdentAll.pdf used on in
put line 1.
(pdftex.def)             Requested size: 430.72968pt x 366.812pt.
 [65

 <./figures/LatticeSpectrum743/SpinIdentAll.pdf>]
Chapter 6
[66

] [67] [68] [69] [70]
Underfull \hbox (badness 2547) in paragraph at lines 122--124
\OT1/cmr/m/n/12 and for a vec-tor me-son sta-ble un-der the strong in-ter-ac-ti
ons, the tran-si-
 []


Underfull \hbox (badness 3271) in paragraph at lines 122--124
\OT1/cmr/m/n/12 tion form-factor at $[]$ can be re-lated to the ra-dia-tive de-
cay width
 []

[71]
Overfull \hbox (1.18637pt too wide) in paragraph at lines 155--155
[] 
 []

[72] [73] [74]
<figures/radTrans/TwoPointRelaxation.pdf, id=662, 338.66122pt x 210.41612pt>
File: figures/radTrans/TwoPointRelaxation.pdf Graphic file (type pdf)

<use figures/radTrans/TwoPointRelaxation.pdf>
Package pdftex.def Info: figures/radTrans/TwoPointRelaxation.pdf used on input 
line 223.
(pdftex.def)             Requested size: 344.58505pt x 214.09825pt.
 [75 <./figures/radTrans/TwoPointRelaxation.pdf>]
<figures/radTrans/PrinCorr_Eff_D4A2M_mom1.pdf, id=682, 310.2019pt x 339.31268pt
>
File: figures/radTrans/PrinCorr_Eff_D4A2M_mom1.pdf Graphic file (type pdf)
 <use figures/radTrans/PrinCorr_Eff_D4A2M_mom1.pdf>
Package pdftex.def Info: figures/radTrans/PrinCorr_Eff_D4A2M_mom1.pdf used on i
nput line 223.
(pdftex.def)             Requested size: 344.58505pt x 376.93665pt.
 [76 <./figures/radTrans/PrinCorr_Eff_D4A2M_mom1.pdf>] [77


]
<figures/radTrans/ThreePointRelaxationPion.pdf, id=717, 386.01717pt x 211.46704
pt>
File: figures/radTrans/ThreePointRelaxationPion.pdf Graphic file (type pdf)
 <use figures/radTrans/ThreePointRelaxationPion.pdf>
Package pdftex.def Info: figures/radTrans/ThreePointRelaxationPion.pdf used on 
input line 271.
(pdftex.def)             Requested size: 344.58505pt x 188.77618pt.
 [78 <./figures/radTrans/ThreePointRelaxationPion.pdf>]
<figures/radTrans/ThreePointProjection.pdf, id=742, 419.13388pt x 820.35585pt>
File: figures/radTrans/ThreePointProjection.pdf Graphic file (type pdf)

<use figures/radTrans/ThreePointProjection.pdf>
Package pdftex.def Info: figures/radTrans/ThreePointProjection.pdf used on inpu
t line 271.
(pdftex.def)             Requested size: 215.36484pt x 421.53038pt.
 [79 <./figures/radTrans/ThreePointProjection.pdf>]
<figures/radTrans/Fpi_src_snk_separation_combined.pdf, id=764, 786.27051pt x 53
8.01pt>
File: figures/radTrans/Fpi_src_snk_separation_combined.pdf Graphic file (type p
df)
 <use figures/radTrans/Fpi_src_snk_separation_combined.pdf>
Package pdftex.def Info: figures/radTrans/Fpi_src_snk_separation_combined.pdf u
sed on input line 271.
(pdftex.def)             Requested size: 430.72968pt x 294.73247pt.
 [80


 <./figures/radTrans/Fpi_src_snk_separation_combined.pdf>]
Underfull \hbox (badness 1173) in paragraph at lines 282--284
\OT1/cmr/m/n/12 where the el-lipses rep-re-sent sup-pressed con-tri-bu-tions fr
om states other than
 []

[81

] [82]
<figures/radTrans/RotationalSymmetryRestoration.pdf, id=815, 593.65588pt x 227.
34938pt>
File: figures/radTrans/RotationalSymmetryRestoration.pdf Graphic file (type pdf
)
 <use figures/radTrans/RotationalSymmetryRestoration.pdf>
Package pdftex.def Info: figures/radTrans/RotationalSymmetryRestoration.pdf use
d on input line 322.
(pdftex.def)             Requested size: 646.09396pt x 247.44165pt.
 [83 <./figures/radTrans/RotationalSymmetryRestoration.pdf>] [84

] [85]
<figures/radTrans/Z_V.pdf, id=859, 391.70338pt x 238.8925pt>
File: figures/radTrans/Z_V.pdf Graphic file (type pdf)

<use figures/radTrans/Z_V.pdf>
Package pdftex.def Info: figures/radTrans/Z_V.pdf used on input line 371.
(pdftex.def)             Requested size: 430.72968pt x 262.70235pt.
 [86 <./figures/radTrans/Z_V.pdf>])
(./Results.tex [87

]
Chapter 7

Underfull \hbox (badness 2245) in paragraph at lines 17--18
[]\OT1/cmr/m/n/12 In this sec-tion we present form-factors and tran-si-tions fo
r the light-est
 []

[88

]
Underfull \hbox (badness 7362) in paragraph at lines 29--30
[]\OT1/cmr/m/n/12 The pion form-factor ap-pears in the ma-trix el-e-ment de-com
-po-si-tion,
 []


Underfull \hbox (badness 1253) in paragraph at lines 57--59
[]\OT1/cmr/m/n/12 The dis-tri-bu-tion of charge within the pion can be char-ac-
ter-ized by the
 []


Underfull \hbox (badness 2229) in paragraph at lines 57--59
\OT1/cmr/m/it/12 charge ra-dius\OT1/cmr/m/n/12 , de-fined via the slope of the 
form-factor at zero vir-tu-al-ity,
 []

[89]
<figures/radTrans/pion_proj0_pion_proj0_Q2_dep.pdf, id=899, 414.79968pt x 237.8
8875pt>
File: figures/radTrans/pion_proj0_pion_proj0_Q2_dep.pdf Graphic file (type pdf)

 <use figures/radTrans/pion_proj0_pion_proj0_Q2_dep.pdf>
Package pdftex.def Info: figures/radTrans/pion_proj0_pion_proj0_Q2_dep.pdf used
 on input line 59.
(pdftex.def)             Requested size: 344.58505pt x 197.62546pt.
 [90 <./figures/radTrans/pion_proj0_pion_proj0_Q2_dep.pdf>]
<figures/radTrans/pion_proj0_pion_proj0.pdf, id=935, 376.76158pt x 216.74677pt>
File: figures/radTrans/pion_proj0_pion_proj0.pdf Graphic file (type pdf)
<use figures/radTrans/pion_proj0_pion_proj0.pdf>
Package pdftex.def Info: figures/radTrans/pion_proj0_pion_proj0.pdf used on inp
ut line 59.
(pdftex.def)             Requested size: 344.58505pt x 198.23866pt.
 [91

 <./figures/radTrans/pion_proj0_pion_proj0.pdf>] [92

]
<figures/radTrans/rho0_rho0.pdf, id=966, 407.18723pt x 223.83624pt>
File: figures/radTrans/rho0_rho0.pdf Graphic file (type pdf)

<use figures/radTrans/rho0_rho0.pdf>
Package pdftex.def Info: figures/radTrans/rho0_rho0.pdf used on input line 89.
(pdftex.def)             Requested size: 344.58505pt x 189.43515pt.
 [93 <./figures/radTrans/rho0_rho0.pdf>]
[94

]
<figures/radTrans/pion_proj1_pion_proj1_Q2_dep.pdf, id=1023, 422.1642pt x 237.8
8875pt>
File: figures/radTrans/pion_proj1_pion_proj1_Q2_dep.pdf Graphic file (type pdf)

 <use figures/radTrans/pion_proj1_pion_proj1_Q2_dep.pdf>
Package pdftex.def Info: figures/radTrans/pion_proj1_pion_proj1_Q2_dep.pdf used
 on input line 132.
(pdftex.def)             Requested size: 344.58505pt x 194.17343pt.
 [95 <./figures/radTrans/pion_proj1_pion_proj1_Q2_dep.pdf>]
<figures/radTrans/pion_proj1_pion_proj1.pdf, id=1054, 421.4676pt x 215.80624pt>
File: figures/radTrans/pion_proj1_pion_proj1.pdf Graphic file (type pdf)
<use figures/radTrans/pion_proj1_pion_proj1.pdf>
Package pdftex.def Info: figures/radTrans/pion_proj1_pion_proj1.pdf used on inp
ut line 132.
(pdftex.def)             Requested size: 344.58505pt x 176.44856pt.
 [96

 <./figures/radTrans/pion_proj1_pion_proj1.pdf>] [97

]
<figures/radTrans/pi_pistar_transition_formfactor.pdf, id=1082, 407.78548pt x 2
15.7129pt>
File: figures/radTrans/pi_pistar_transition_formfactor.pdf Graphic file (type p
df)
 <use figures/radTrans/pi_pistar_transition_formfactor.pdf>
Package pdftex.def Info: figures/radTrans/pi_pistar_transition_formfactor.pdf u
sed on input line 167.
(pdftex.def)             Requested size: 344.58505pt x 182.2805pt.
 [98 <./figures/radTrans/pi_pistar_transition_formfactor.pdf>] [99

]
<figures/radTrans/pion_proj0_rho_proj0.pdf, id=1111, 406.68437pt x 222.57755pt>
File: figures/radTrans/pion_proj0_rho_proj0.pdf Graphic file (type pdf)
<use figures/radTrans/pion_proj0_rho_proj0.pdf>
Package pdftex.def Info: figures/radTrans/pion_proj0_rho_proj0.pdf used on inpu
t line 202.
(pdftex.def)             Requested size: 344.58505pt x 188.60085pt.
 [100 <./figures/radTrans/pion_proj0_rho_proj0.pdf>] [101

]
<figures/radTrans/rho_proj1_pion_proj0.pdf, id=1149, 410.41129pt x 225.2154pt>
File: figures/radTrans/rho_proj1_pion_proj0.pdf Graphic file (type pdf)

<use figures/radTrans/rho_proj1_pion_proj0.pdf>
Package pdftex.def Info: figures/radTrans/rho_proj1_pion_proj0.pdf used on inpu
t line 244.
(pdftex.def)             Requested size: 344.58505pt x 189.09372pt.
 [102 <./figures/radTrans/rho_proj1_pion_proj0.pdf>]
<figures/radTrans/rho_proj2_pion_proj0.pdf, id=1179, 421.1996pt x 211.77219pt>
File: figures/radTrans/rho_proj2_pion_proj0.pdf Graphic file (type pdf)

<use figures/radTrans/rho_proj2_pion_proj0.pdf>
Package pdftex.def Info: figures/radTrans/rho_proj2_pion_proj0.pdf used on inpu
t line 244.
(pdftex.def)             Requested size: 344.58505pt x 173.2536pt.
 [103

 <./figures/radTrans/rho_proj2_pion_proj0.pdf>]) (./Conclusion.tex [104

]
<figures/radTrans/rho_proj0_pion_proj1.pdf, id=1214, 388.13206pt x 232.01581pt>
File: figures/radTrans/rho_proj0_pion_proj1.pdf Graphic file (type pdf)
<use figures/radTrans/rho_proj0_pion_proj1.pdf>
Package pdftex.def Info: figures/radTrans/rho_proj0_pion_proj1.pdf used on inpu
t line 1.
(pdftex.def)             Requested size: 344.58505pt x 205.98715pt.
 [105

 <./figures/radTrans/rho_proj0_pion_proj1.pdf>]
<figures/radTrans/rho_proj1_pion_proj1.pdf, id=1249, 403.98328pt x 226.32655pt>
File: figures/radTrans/rho_proj1_pion_proj1.pdf Graphic file (type pdf)
<use figures/radTrans/rho_proj1_pion_proj1.pdf>
Package pdftex.def Info: figures/radTrans/rho_proj1_pion_proj1.pdf used on inpu
t line 1.
(pdftex.def)             Requested size: 344.58505pt x 193.05534pt.
 [106

 <./figures/radTrans/rho_proj1_pion_proj1.pdf>]
Chapter 8
[107

] [108]) (./dissertation.bbl [109] [110

] [111] [112]
Underfull \hbox (badness 1226) in paragraph at lines 229--232
[]\OT1/cmr/m/n/12 Harvey B. Meyer.  Lat-tice QCD and the Time-like Pion Form Fa
c-tor.
 []

[113]) (./appendix_Methods.tex [114]
Appendix A
[115

] [116]) (./appendix_Spectroscopy.tex [117]
Appendix B
[118

] [119] [120] [121]
<figures/ProjectionGraphicFinal.pdf, id=1329, 361.35pt x 63.43198pt>
File: figures/ProjectionGraphicFinal.pdf Graphic file (type pdf)

<use figures/ProjectionGraphicFinal.pdf>
Package pdftex.def Info: figures/ProjectionGraphicFinal.pdf used on input line 
151.
(pdftex.def)             Requested size: 344.58505pt x 60.48941pt.
 [122 <./figures/ProjectionGraphicFinal.pdf>]
Overfull \hbox (41.5288pt too wide) in paragraph at lines 175--175
[] 
 []

[123

] [124] [125]) (./appendix_Action.tex [126

] [127]) [128] [129

]
(./dissertation.aux)

LaTeX Warning: There were multiply-defined labels.

 ) 
Here is how much of TeX's memory you used:
 5797 strings out of 493117
 90229 string characters out of 6135433
 173032 words of memory out of 5000000
 9057 multiletter control sequences out of 15000+600000
 16618 words of font info for 65 fonts, out of 8000000 for 9000
 1141 hyphenation exceptions out of 8191
 41i,22n,40p,1522b,388s stack positions out of 5000i,500n,10000p,200000b,80000s
</usr/local/texlive/2014/texmf-dist/fonts/type1/public/bbold-type1/bbold10.pf
b></usr/local/texlive/2014/texmf-dist/fonts/type1/public/amsfonts/cm/cmbx10.pfb
></usr/local/texlive/2014/texmf-dist/fonts/type1/public/amsfonts/cm/cmbx12.pfb>
</usr/local/texlive/2014/texmf-dist/fonts/type1/public/amsfonts/cm/cmbx8.pfb></
usr/local/texlive/2014/texmf-dist/fonts/type1/public/amsfonts/cm/cmcsc10.pfb></
usr/local/texlive/2014/texmf-dist/fonts/type1/public/amsfonts/cm/cmex10.pfb></u
sr/local/texlive/2014/texmf-dist/fonts/type1/public/amsfonts/cmextra/cmex8.pfb>
</usr/local/texlive/2014/texmf-dist/fonts/type1/public/amsfonts/cm/cmmi10.pfb><
/usr/local/texlive/2014/texmf-dist/fonts/type1/public/amsfonts/cm/cmmi12.pfb></
usr/local/texlive/2014/texmf-dist/fonts/type1/public/amsfonts/cm/cmmi5.pfb></us
r/local/texlive/2014/texmf-dist/fonts/type1/public/amsfonts/cm/cmmi6.pfb></usr/
local/texlive/2014/texmf-dist/fonts/type1/public/amsfonts/cm/cmmi7.pfb></usr/lo
cal/texlive/2014/texmf-dist/fonts/type1/public/amsfonts/cm/cmmi8.pfb></usr/loca
l/texlive/2014/texmf-dist/fonts/type1/public/amsfonts/cm/cmr10.pfb></usr/local/
texlive/2014/texmf-dist/fonts/type1/public/amsfonts/cm/cmr12.pfb></usr/local/te
xlive/2014/texmf-dist/fonts/type1/public/amsfonts/cm/cmr5.pfb></usr/local/texli
ve/2014/texmf-dist/fonts/type1/public/amsfonts/cm/cmr6.pfb></usr/local/texlive/
2014/texmf-dist/fonts/type1/public/amsfonts/cm/cmr7.pfb></usr/local/texlive/201
4/texmf-dist/fonts/type1/public/amsfonts/cm/cmr8.pfb></usr/local/texlive/2014/t
exmf-dist/fonts/type1/public/amsfonts/cm/cmsy10.pfb></usr/local/texlive/2014/te
xmf-dist/fonts/type1/public/amsfonts/cm/cmsy5.pfb></usr/local/texlive/2014/texm
f-dist/fonts/type1/public/amsfonts/cm/cmsy6.pfb></usr/local/texlive/2014/texmf-
dist/fonts/type1/public/amsfonts/cm/cmsy7.pfb></usr/local/texlive/2014/texmf-di
st/fonts/type1/public/amsfonts/cm/cmsy8.pfb></usr/local/texlive/2014/texmf-dist
/fonts/type1/public/amsfonts/cm/cmti10.pfb></usr/local/texlive/2014/texmf-dist/
fonts/type1/public/amsfonts/cm/cmti12.pfb></usr/local/texlive/2014/texmf-dist/f
onts/type1/public/amsfonts/euler/eufm10.pfb></usr/local/texlive/2014/texmf-dist
/fonts/type1/public/amsfonts/euler/eufm5.pfb></usr/local/texlive/2014/texmf-dis
t/fonts/type1/public/amsfonts/euler/eufm7.pfb></usr/local/texlive/2014/texmf-di
st/fonts/type1/public/amsfonts/symbols/msam10.pfb></usr/local/texlive/2014/texm
f-dist/fonts/type1/public/amsfonts/symbols/msbm10.pfb>
Output written on dissertation.pdf (140 pages, 6557815 bytes).
PDF statistics:
 1479 PDF objects out of 1728 (max. 8388607)
 839 compressed objects within 9 object streams
 0 named destinations out of 1000 (max. 500000)
 166 words of extra memory for PDF output out of 10000 (max. 10000000)

