This is pdfTeX, Version 3.14159265-2.6-1.40.15 (TeX Live 2014) (preloaded format=pdflatex 2014.5.25)  8 APR 2015 12:34
entering extended mode
 restricted \write18 enabled.
 file:line:error style messages enabled.
 %&-line parsing enabled.
**ODUthesis.sty
(./ODUthesis.sty
LaTeX2e <2014/05/01>
Babel <3.9k> and hyphenation patterns for 78 languages loaded.

./ODUthesis.sty:36: LaTeX Error: \figurename undefined.

See the LaTeX manual or LaTeX Companion for explanation.
Type  H <return>  for immediate help.
 ...                                              
                                                  
l.36 \renewcommand{\figurename}
                               {FIG.}
? 
./ODUthesis.sty:36: Emergency stop.
 ...                                              
                                                  
l.36 \renewcommand{\figurename}
                               {FIG.}
Try typing  <return>  to proceed.
If that doesn't work, type  X <return>  to quit.

 
Here is how much of TeX's memory you used:
 12 strings out of 493117
 308 string characters out of 6135433
 52909 words of memory out of 5000000
 3573 multiletter control sequences out of 15000+600000
 3640 words of font info for 14 fonts, out of 8000000 for 9000
 1141 hyphenation exceptions out of 8191
 5i,0n,5p,127b,14s stack positions out of 5000i,500n,10000p,200000b,80000s
./ODUthesis.sty:36:  ==> Fatal error occurred, no output PDF file produced!
